
> web@0.1.0 build C:\Users\ASUS\OneDrive\Desktop\GrowEasy\apps\web
> next build

⚠ Warning: Next.js inferred your workspace root, but it may not be correct.
 We detected multiple lockfiles and selected the directory of C:\Users\ASUS\package-lock.json as the root directory.
 To silence this warning, set `turbopack.root` in your Next.js config, or consider removing one of the lockfiles if it's not needed.
   See https://nextjs.org/docs/app/api-reference/config/next-config-js/turbopack#root-directory for more information.
 Detected additional lockfiles: 
   * C:\Users\ASUS\OneDrive\Desktop\GrowEasy\pnpm-workspace.yaml

▲ Next.js 16.2.0 (Turbopack)

  Creating an optimized production build ...
✓ Compiled successfully in 8.1s
  Running TypeScript ...
  Finished TypeScript in 2.8s ...
  Collecting page data using 4 workers ...
  Generating static pages using 4 workers (0/3) ...
✓ Generating static pages using 4 workers (3/3) in 630ms
  Finalizing page optimization ...

Route (app)
┌ ○ /
└ ○ /_not-found


○  (Static)  prerendered as static content

